0 info it worked if it ends with ok
1 verbose cli [ '/usr/bin/nodejs', '/usr/bin/npm', 'install', '-g', 'eslint' ]
2 info using npm@2.15.11
3 info using node@v4.8.3
4 verbose install initial load of /usr/lib/package.json
5 verbose readDependencies loading dependencies from /usr/lib/package.json
6 silly cache add args [ 'eslint', null ]
7 verbose cache add spec eslint
8 silly cache add parsed spec Result {
8 silly cache add   raw: 'eslint',
8 silly cache add   scope: null,
8 silly cache add   name: 'eslint',
8 silly cache add   rawSpec: '',
8 silly cache add   spec: 'latest',
8 silly cache add   type: 'tag' }
9 silly addNamed eslint@latest
10 verbose addNamed "latest" is being treated as a dist-tag for eslint
11 info addNameTag [ 'eslint', 'latest' ]
12 silly mapToRegistry name eslint
13 silly mapToRegistry using default registry
14 silly mapToRegistry registry https://registry.npmjs.org/
15 silly mapToRegistry data Result {
15 silly mapToRegistry   raw: 'eslint',
15 silly mapToRegistry   scope: null,
15 silly mapToRegistry   name: 'eslint',
15 silly mapToRegistry   rawSpec: '',
15 silly mapToRegistry   spec: 'latest',
15 silly mapToRegistry   type: 'tag' }
16 silly mapToRegistry uri https://registry.npmjs.org/eslint
17 verbose addNameTag registry:https://registry.npmjs.org/eslint not in flight; fetching
18 verbose request uri https://registry.npmjs.org/eslint
19 verbose request no auth needed
20 info attempt registry request try #1 at 11:35:51 AM
21 verbose request id 840dab7ecae06be3
22 http request GET https://registry.npmjs.org/eslint
23 http 200 https://registry.npmjs.org/eslint
24 verbose headers { server: 'nginx/1.10.1',
24 verbose headers   'content-type': 'application/json',
24 verbose headers   'last-modified': 'Mon, 26 Jun 2017 07:51:39 GMT',
24 verbose headers   etag: 'W/"5950bd0b-746cc"',
24 verbose headers   'content-encoding': 'gzip',
24 verbose headers   'cache-control': 'max-age=300',
24 verbose headers   'content-length': '28722',
24 verbose headers   'accept-ranges': 'bytes',
24 verbose headers   date: 'Fri, 30 Jun 2017 04:35:52 GMT',
24 verbose headers   via: '1.1 varnish',
24 verbose headers   age: '287',
24 verbose headers   connection: 'keep-alive',
24 verbose headers   'x-served-by': 'cache-hkg6825-HKG',
24 verbose headers   'x-cache': 'HIT',
24 verbose headers   'x-cache-hits': '5',
24 verbose headers   'x-timer': 'S1498797353.685830,VS0,VE0',
24 verbose headers   vary: 'Accept-Encoding' }
25 silly get cb [ 200,
25 silly get   { server: 'nginx/1.10.1',
25 silly get     'content-type': 'application/json',
25 silly get     'last-modified': 'Mon, 26 Jun 2017 07:51:39 GMT',
25 silly get     etag: 'W/"5950bd0b-746cc"',
25 silly get     'content-encoding': 'gzip',
25 silly get     'cache-control': 'max-age=300',
25 silly get     'content-length': '28722',
25 silly get     'accept-ranges': 'bytes',
25 silly get     date: 'Fri, 30 Jun 2017 04:35:52 GMT',
25 silly get     via: '1.1 varnish',
25 silly get     age: '287',
25 silly get     connection: 'keep-alive',
25 silly get     'x-served-by': 'cache-hkg6825-HKG',
25 silly get     'x-cache': 'HIT',
25 silly get     'x-cache-hits': '5',
25 silly get     'x-timer': 'S1498797353.685830,VS0,VE0',
25 silly get     vary: 'Accept-Encoding' } ]
26 verbose get saving eslint to /home/suu/.npm/registry.npmjs.org/eslint/.cache.json
27 verbose correctMkdir /home/suu/.npm correctMkdir not in flight; initializing
28 verbose makeDirectory /home/suu/.npm creation not in flight; initializing
29 silly makeDirectory /home/suu/.npm uid: 1000 gid: 1000
30 silly addNameTag next cb for eslint with tag latest
31 silly addNamed eslint@4.1.1
32 verbose addNamed "4.1.1" is a plain semver version for eslint
33 silly mapToRegistry name eslint
34 silly mapToRegistry using default registry
35 silly mapToRegistry registry https://registry.npmjs.org/
36 silly mapToRegistry data Result {
36 silly mapToRegistry   raw: 'eslint',
36 silly mapToRegistry   scope: null,
36 silly mapToRegistry   name: 'eslint',
36 silly mapToRegistry   rawSpec: '',
36 silly mapToRegistry   spec: 'latest',
36 silly mapToRegistry   type: 'tag' }
37 silly mapToRegistry uri https://registry.npmjs.org/eslint
38 verbose addRemoteTarball https://registry.npmjs.org/eslint/-/eslint-4.1.1.tgz not in flight; adding
39 verbose addRemoteTarball [ 'https://registry.npmjs.org/eslint/-/eslint-4.1.1.tgz',
39 verbose addRemoteTarball   'facbdfcfe3e0facd3a8b80dc98c4e6c13ae582df' ]
40 info retry fetch attempt 1 at 11:35:52 AM
41 info attempt registry request try #1 at 11:35:52 AM
42 http fetch GET https://registry.npmjs.org/eslint/-/eslint-4.1.1.tgz
43 http fetch 200 https://registry.npmjs.org/eslint/-/eslint-4.1.1.tgz
44 silly fetchAndShaCheck shasum facbdfcfe3e0facd3a8b80dc98c4e6c13ae582df
45 verbose addTmpTarball /tmp/npm-7465-49a21ea1/registry.npmjs.org/eslint/-/eslint-4.1.1.tgz not in flight; adding
46 verbose addTmpTarball already have metadata; skipping unpack for eslint@4.1.1
47 verbose correctMkdir /home/suu/.npm correctMkdir not in flight; initializing
48 silly cache afterAdd eslint@4.1.1
49 verbose afterAdd /home/suu/.npm/eslint/4.1.1/package/package.json not in flight; writing
50 verbose correctMkdir /home/suu/.npm correctMkdir not in flight; initializing
51 verbose afterAdd /home/suu/.npm/eslint/4.1.1/package/package.json written
52 silly install resolved [ { name: 'eslint',
52 silly install resolved     version: '4.1.1',
52 silly install resolved     author:
52 silly install resolved      { name: 'Nicholas C. Zakas',
52 silly install resolved        email: 'nicholas+npm@nczconsulting.com' },
52 silly install resolved     description: 'An AST-based pattern checker for JavaScript.',
52 silly install resolved     bin: { eslint: './bin/eslint.js' },
52 silly install resolved     main: './lib/api.js',
52 silly install resolved     scripts:
52 silly install resolved      { test: 'node Makefile.js test',
52 silly install resolved        lint: 'node Makefile.js lint',
52 silly install resolved        release: 'node Makefile.js release',
52 silly install resolved        'ci-release': 'node Makefile.js ciRelease',
52 silly install resolved        alpharelease: 'node Makefile.js prerelease -- alpha',
52 silly install resolved        betarelease: 'node Makefile.js prerelease -- beta',
52 silly install resolved        docs: 'node Makefile.js docs',
52 silly install resolved        gensite: 'node Makefile.js gensite',
52 silly install resolved        browserify: 'node Makefile.js browserify',
52 silly install resolved        perf: 'node Makefile.js perf',
52 silly install resolved        profile: 'beefy tests/bench/bench.js --open -- -t brfs -t ./tests/bench/xform-rules.js -r espree',
52 silly install resolved        coveralls: 'cat ./coverage/lcov.info | coveralls',
52 silly install resolved        'check-commit': 'node Makefile.js checkGitCommit' },
52 silly install resolved     files: [ 'LICENSE', 'README.md', 'bin', 'conf', 'lib', 'messages' ],
52 silly install resolved     repository: { type: 'git', url: 'git+https://github.com/eslint/eslint.git' },
52 silly install resolved     homepage: 'http://eslint.org',
52 silly install resolved     bugs: { url: 'https://github.com/eslint/eslint/issues/' },
52 silly install resolved     dependencies:
52 silly install resolved      { 'babel-code-frame': '^6.22.0',
52 silly install resolved        chalk: '^1.1.3',
52 silly install resolved        'concat-stream': '^1.6.0',
52 silly install resolved        debug: '^2.6.8',
52 silly install resolved        doctrine: '^2.0.0',
52 silly install resolved        'eslint-scope': '^3.7.1',
52 silly install resolved        espree: '^3.4.3',
52 silly install resolved        esquery: '^1.0.0',
52 silly install resolved        estraverse: '^4.2.0',
52 silly install resolved        esutils: '^2.0.2',
52 silly install resolved        'file-entry-cache': '^2.0.0',
52 silly install resolved        glob: '^7.1.2',
52 silly install resolved        globals: '^9.17.0',
52 silly install resolved        ignore: '^3.3.3',
52 silly install resolved        imurmurhash: '^0.1.4',
52 silly install resolved        inquirer: '^3.0.6',
52 silly install resolved        'is-my-json-valid': '^2.16.0',
52 silly install resolved        'is-resolvable': '^1.0.0',
52 silly install resolved        'js-yaml': '^3.8.4',
52 silly install resolved        'json-stable-stringify': '^1.0.1',
52 silly install resolved        levn: '^0.3.0',
52 silly install resolved        lodash: '^4.17.4',
52 silly install resolved        minimatch: '^3.0.2',
52 silly install resolved        mkdirp: '^0.5.1',
52 silly install resolved        'natural-compare': '^1.4.0',
52 silly install resolved        optionator: '^0.8.2',
52 silly install resolved        'path-is-inside': '^1.0.2',
52 silly install resolved        pluralize: '^4.0.0',
52 silly install resolved        progress: '^2.0.0',
52 silly install resolved        'require-uncached': '^1.0.3',
52 silly install resolved        'strip-json-comments': '~2.0.1',
52 silly install resolved        table: '^4.0.1',
52 silly install resolved        'text-table': '~0.2.0' },
52 silly install resolved     devDependencies:
52 silly install resolved      { 'babel-polyfill': '^6.23.0',
52 silly install resolved        'babel-preset-es2015': '^6.24.1',
52 silly install resolved        babelify: '^7.3.0',
52 silly install resolved        beefy: '^2.1.8',
52 silly install resolved        brfs: '1.4.3',
52 silly install resolved        browserify: '^14.4.0',
52 silly install resolved        chai: '^4.0.1',
52 silly install resolved        cheerio: '^0.22.0',
52 silly install resolved        coveralls: '^2.13.1',
52 silly install resolved        dateformat: '^2.0.0',
52 silly install resolved        ejs: '^2.5.6',
52 silly install resolved        'eslint-plugin-eslint-plugin': '^0.7.2',
52 silly install resolved        'eslint-plugin-node': '^5.0.0',
52 silly install resolved        'eslint-release': '^0.10.1',
52 silly install resolved        esprima: '^3.1.3',
52 silly install resolved        'esprima-fb': '^15001.1001.0-dev-harmony-fb',
52 silly install resolved        istanbul: '^0.4.5',
52 silly install resolved        jsdoc: '^3.4.3',
52 silly install resolved        karma: '^1.7.0',
52 silly install resolved        'karma-babel-preprocessor': '^6.0.1',
52 silly install resolved        'karma-mocha': '^1.3.0',
52 silly install resolved        'karma-mocha-reporter': '^2.2.3',
52 silly install resolved        'karma-phantomjs-launcher': '^1.0.4',
52 silly install resolved        leche: '^2.1.2',
52 silly install resolved        'load-perf': '^0.2.0',
52 silly install resolved        markdownlint: '^0.5.0',
52 silly install resolved        mocha: '^3.4.2',
52 silly install resolved        'mock-fs': '^4.3.0',
52 silly install resolved        'npm-license': '^0.3.3',
52 silly install resolved        'phantomjs-prebuilt': '^2.1.14',
52 silly install resolved        proxyquire: '^1.8.0',
52 silly install resolved        semver: '^5.3.0',
52 silly install resolved        shelljs: '^0.7.7',
52 silly install resolved        'shelljs-nodecli': '~0.1.1',
52 silly install resolved        sinon: '^2.3.2',
52 silly install resolved        temp: '^0.8.3',
52 silly install resolved        through: '^2.3.8' },
52 silly install resolved     keywords: [ 'ast', 'lint', 'javascript', 'ecmascript', 'espree' ],
52 silly install resolved     license: 'MIT',
52 silly install resolved     engines: { node: '>=4' },
52 silly install resolved     gitHead: '1df6a019f0d1866058a66c4fa7ec9ef5f30fd235',
52 silly install resolved     _id: 'eslint@4.1.1',
52 silly install resolved     _shasum: 'facbdfcfe3e0facd3a8b80dc98c4e6c13ae582df',
52 silly install resolved     _from: 'eslint@latest',
52 silly install resolved     _npmVersion: '4.5.0',
52 silly install resolved     _nodeVersion: '6.10.3',
52 silly install resolved     _npmUser: { name: 'eslint', email: 'nicholas+eslint@nczconsulting.com' },
52 silly install resolved     dist:
52 silly install resolved      { shasum: 'facbdfcfe3e0facd3a8b80dc98c4e6c13ae582df',
52 silly install resolved        tarball: 'https://registry.npmjs.org/eslint/-/eslint-4.1.1.tgz' },
52 silly install resolved     maintainers:
52 silly install resolved      [ [Object],
52 silly install resolved        [Object],
52 silly install resolved        [Object],
52 silly install resolved        [Object],
52 silly install resolved        [Object],
52 silly install resolved        [Object],
52 silly install resolved        [Object],
52 silly install resolved        [Object],
52 silly install resolved        [Object] ],
52 silly install resolved     _npmOperationalInternal:
52 silly install resolved      { host: 's3://npm-registry-packages',
52 silly install resolved        tmp: 'tmp/eslint-4.1.1.tgz_1498438077408_0.8046090938150883' },
52 silly install resolved     directories: {},
52 silly install resolved     _resolved: 'https://registry.npmjs.org/eslint/-/eslint-4.1.1.tgz' } ]
53 info install eslint@4.1.1 into /usr/lib
54 info installOne eslint@4.1.1
55 verbose installOne of eslint to /usr/lib not in flight; installing
56 verbose correctMkdir /home/suu/.npm/_locks correctMkdir not in flight; initializing
57 verbose makeDirectory /home/suu/.npm/_locks creation not in flight; initializing
58 silly makeDirectory /home/suu/.npm/_locks uid: 1000 gid: 1000
59 verbose lock using /home/suu/.npm/_locks/eslint-5cfcc4d6dc2c2169.lock for /usr/lib/node_modules/eslint
60 silly install write writing eslint 4.1.1 to /usr/lib/node_modules/eslint
61 verbose unbuild lib/node_modules/eslint
62 silly gentlyRm /usr/lib/node_modules/eslint is being purged from base /usr
63 verbose gentlyRm don't care about contents; nuking /usr/lib/node_modules/eslint
64 verbose tar unpack /home/suu/.npm/eslint/4.1.1/package.tgz
65 verbose tar unpacking to /usr/lib/node_modules/eslint
66 silly gentlyRm /usr/lib/node_modules/eslint is being purged
67 verbose gentlyRm don't care about contents; nuking /usr/lib/node_modules/eslint
68 silly gunzTarPerm modes [ '775', '664' ]
69 error tar.unpack untar error /home/suu/.npm/eslint/4.1.1/package.tgz
70 verbose unlock done using /home/suu/.npm/_locks/eslint-5cfcc4d6dc2c2169.lock for /usr/lib/node_modules/eslint
71 verbose fstream_path /usr/lib/node_modules/eslint
72 verbose fstream_type Directory
73 verbose fstream_class DirWriter
74 verbose stack Error: EACCES: permission denied, mkdir '/usr/lib/node_modules/eslint'
74 verbose stack     at Error (native)
75 verbose fstream_stack /usr/lib/node_modules/npm/node_modules/fstream/lib/dir-writer.js:35:25
75 verbose fstream_stack /usr/lib/node_modules/npm/node_modules/mkdirp/index.js:47:53
75 verbose fstream_stack FSReqWrap.oncomplete (fs.js:82:15)
76 verbose cwd /home/suu/Desktop/rails/project2-suu
77 error Linux 4.8.0-58-generic
78 error argv "/usr/bin/nodejs" "/usr/bin/npm" "install" "-g" "eslint"
79 error node v4.8.3
80 error npm  v2.15.11
81 error path /usr/lib/node_modules/eslint
82 error code EACCES
83 error errno -13
84 error syscall mkdir
85 error Error: EACCES: permission denied, mkdir '/usr/lib/node_modules/eslint'
85 error     at Error (native)
85 error  { [Error: EACCES: permission denied, mkdir '/usr/lib/node_modules/eslint']
85 error   errno: -13,
85 error   code: 'EACCES',
85 error   syscall: 'mkdir',
85 error   path: '/usr/lib/node_modules/eslint',
85 error   fstream_type: 'Directory',
85 error   fstream_path: '/usr/lib/node_modules/eslint',
85 error   fstream_class: 'DirWriter',
85 error   fstream_stack:
85 error    [ '/usr/lib/node_modules/npm/node_modules/fstream/lib/dir-writer.js:35:25',
85 error      '/usr/lib/node_modules/npm/node_modules/mkdirp/index.js:47:53',
85 error      'FSReqWrap.oncomplete (fs.js:82:15)' ] }
86 error Please try running this command again as root/Administrator.
87 verbose exit [ -13, true ]
88 verbose unbuild lib/node_modules/eslint
89 silly gentlyRm /usr/lib/node_modules/eslint is being purged from base /usr
90 verbose gentlyRm don't care about contents; nuking /usr/lib/node_modules/eslint
